<?xml version="1.0" encoding="UTF-8"?>
<!-- Generated by org.testng.reporters.JUnitReportReporter -->
<testsuite hostname="DESKTOP-1PLAJR2" failures="0" tests="1" name="step1.NewTestNG" time="0.008" errors="0" timestamp="2022-04-23T14:12:13 IST" skipped="0">
  <testcase classname="step1.NewTestNG" name="f" time="0.008"/>
  <system-out/>
</testsuite> <!-- step1.NewTestNG -->
